<?xml version="1.0" encoding="UTF-8"?>
<!-- Generated by org.testng.reporters.JUnitReportReporter -->
<testsuite hostname="DESKTOP-OLQP3VH" failures="0" tests="1" name="com.pom.prac.tests.CalenderUITest" time="9.863" errors="0" timestamp="08 Oct 2020 07:35:08 GMT" skipped="0">
  <testcase classname="com.pom.prac.tests.CalenderUITest" name="verifyThatCurrentDayIsPickedUpCorrectly" time="9.863"/>
</testsuite> <!-- com.pom.prac.tests.CalenderUITest -->
