<?xml version="1.0" encoding="UTF-8"?>
<!-- Generated by org.testng.reporters.JUnitReportReporter -->
<testsuite hostname="DESKTOP-OLQP3VH" failures="0" tests="1" name="com.pom.prac.tests.LoginTest" time="1.821" errors="0" timestamp="04 Oct 2020 08:59:38 GMT" skipped="0">
  <testcase classname="com.pom.prac.tests.LoginTest" name="verifyThatTheLandingPageIsNavigatedCorrectly" time="1.821"/>
</testsuite> <!-- com.pom.prac.tests.LoginTest -->
