<?xml version="1.0" encoding="UTF-8"?>
<!-- Generated by org.testng.reporters.JUnitReportReporter -->
<testsuite hostname="DESKTOP-OLQP3VH" failures="0" tests="1" name="com.pom.prac.tests.AutoSuggestiveTest" time="0.976" errors="0" timestamp="06 Oct 2020 18:14:07 GMT" skipped="0">
  <testcase classname="com.pom.prac.tests.AutoSuggestiveTest" name="verifyThatSuggestedValuesAreGettingDisplayedCorrectly" time="0.976"/>
</testsuite> <!-- com.pom.prac.tests.AutoSuggestiveTest -->
