<?xml version="1.0" encoding="UTF-8"?>
<!-- Generated by org.testng.reporters.JUnitReportReporter -->
<testsuite hostname="DESKTOP-OLQP3VH" failures="0" tests="1" name="com.pom.prac.tests.LoginTest" time="5.928" errors="0" timestamp="05 Oct 2020 09:18:27 GMT" skipped="0">
  <testcase classname="com.pom.prac.tests.LoginTest" name="verifyThatTheLandingPageIsNavigatedCorrectly" time="5.928"/>
</testsuite> <!-- com.pom.prac.tests.LoginTest -->
