<?xml version="1.0" encoding="UTF-8"?>
<!-- Generated by org.testng.reporters.JUnitReportReporter -->
<testsuite hostname="DESKTOP-OLQP3VH" failures="0" tests="3" name="com.pom.prac.tests.DropDownTest" time="34.189" errors="0" timestamp="11 Oct 2020 09:33:59 GMT" skipped="0">
  <testcase classname="com.pom.prac.tests.DropDownTest" name="verifyThatTheALandingPageIsNavigatingCorrectly" time="7.193"/>
  <testcase classname="com.pom.prac.tests.DropDownTest" name="averifyadeals" time="10.521"/>
  <testcase classname="com.pom.prac.tests.DropDownTest" name="verifyThatTheFromAndToIsSelectingCorrectly" time="16.475"/>
</testsuite> <!-- com.pom.prac.tests.DropDownTest -->
