<?xml version="1.0" encoding="UTF-8"?>
<!-- Generated by org.testng.reporters.JUnitReportReporter -->
<testsuite hostname="DESKTOP-OLQP3VH" failures="0" tests="1" name="com.pom.prac.tests.DropDownTest" time="8.456" errors="0" timestamp="06 Oct 2020 14:44:52 GMT" skipped="0">
  <testcase classname="com.pom.prac.tests.DropDownTest" name="verifyThatTheFromAndToIsSelectingCorrectly" time="8.456"/>
</testsuite> <!-- com.pom.prac.tests.DropDownTest -->
