<?xml version="1.0" encoding="UTF-8"?>
<!-- Generated by org.testng.reporters.JUnitReportReporter -->
<testsuite hostname="DESKTOP-OLQP3VH" failures="0" tests="1" name="com.pom.prac.tests.LoginTest" time="10.187" errors="0" timestamp="15 Sep 2020 09:39:49 GMT" skipped="0">
  <testcase classname="com.pom.prac.tests.LoginTest" name="loginTest" time="10.187"/>
</testsuite> <!-- com.pom.prac.tests.LoginTest -->
