<?xml version="1.0" encoding="UTF-8"?>
<!-- Generated by org.testng.reporters.JUnitReportReporter -->
<testsuite hostname="DESKTOP-OLQP3VH" failures="0" tests="1" name="com.pom.prac.tests.CheckBoxTest" time="0.378" errors="0" timestamp="07 Oct 2020 06:43:05 GMT" skipped="0">
  <testcase classname="com.pom.prac.tests.CheckBoxTest" name="verifyThatTheCheckBoxIsSelectingCorrectly" time="0.378"/>
</testsuite> <!-- com.pom.prac.tests.CheckBoxTest -->
